
<!--
    Template can be loaded instead of snapsthot at any place.
    Molper distinguish between snp a template file and use
    proper loading function. The file must end on '-template.xml'
    if Molpher should interpreate file as a template.
    If file ends only on 'xml' Molpher try to load it as a regular
    xml-snapstho file wich will almost surely failed.

    When using templates Molpher write info about loaded into
    snapshost. For information about other snaphost deafult values
    please refer to commonst/iteration_snaphost.hpp.

    The <fingerprint> respectively <similarity> should use
    values from enums in common/fingerprintSelector.hpp
    respectively common/simCoefSelector.hpp
-->
<iteration>
  <inputActivityDataDir>/home/martin/temp/FeatSele/data/</inputActivityDataDir>
  <allActivesSMILES>/home/martin/temp/FeatSele/data/aid466_actives_all.smi</allActivesSMILES>
  <activesDescriptors>/home/martin/temp/FeatSele/data/aid466_actives.csv</activesDescriptors>
  <testActivesDescriptors>/home/martin/temp/FeatSele/data/aid466_actives_muv.csv</testActivesDescriptors>
  <inactivesDescriptors>/home/martin/temp/FeatSele/data/aid466_decoys.csv</inactivesDescriptors>
  <descriptorWeights>/home/martin/temp/FeatSele/FS5_aid466_weights.csv</descriptorWeights>
    
  <fingerprint>FP_MORGAN</fingerprint>
  <similarity>SC_TANIMOTO</similarity>
  <saveDataAsCSVs>true</saveDataAsCSVs>
    <param>
	<substructureRestriction>false</substructureRestriction>
	<activityMorphing>true</activityMorphing>
	<startMolMaxCount>5</startMolMaxCount>
	<syntetizedFeasibility>false</syntetizedFeasibility>
	<farProduce>10</farProduce>
	<iterMax>10</iterMax>
	<maxTimeMinutes>180</maxTimeMinutes>
	<maxMOOPruns>1</maxMOOPruns>
	<nonProducingSurvive>5</nonProducingSurvive>
	<maxMorhpsTotal>1000</maxMorhpsTotal>
	<!-- <maxAcceptableEtalonDistance>10000</maxAcceptableEtalonDistance> -->
    </param>
</iteration>
