
<!--
    Template can be loaded instead of snapsthot at any place.
    Molper distinguish between snp a template file and use
    proper loading function. The file must end on '-template.xml'
    if Molpher should interpreate file as a template.
    If file ends only on 'xml' Molpher try to load it as a regular
    xml-snapstho file wich will almost surely failed.

    When using templates Molpher write info about loaded into
    snapshost. For information about other snaphost deafult values
    please refer to commonst/iteration_snaphost.hpp.

    The <fingerprint> respectively <similarity> should use
    values from enums in common/fingerprintSelector.hpp
    respectively common/simCoefSelector.hpp
-->
<iteration>
  
  <inputActivityDataDir>../../FS/</inputActivityDataDir>
  <allActivesSMILES>../../FS/aid466_actives_cluster2.smi</allActivesSMILES>
  <activesDescriptors>../../FS/aid466_actives_cluster2.csv</activesDescriptors>
  <sourceMolsDescriptors>../../FS/aid466_sourcemols_cluster2.csv</sourceMolsDescriptors>
  <testActivesDescriptors>../../FS/aid466_testmols_cluster2.csv</testActivesDescriptors>
  <inactivesDescriptors>../../FS/aid466_decoys.csv</inactivesDescriptors>
  <descriptorWeights>../../FS/aid466_FS7_weights.csv</descriptorWeights>
  <etalon>../../FS/aid466_etalon.csv</etalon>
    
  <fingerprint>FP_MORGAN</fingerprint>
  <similarity>SC_TANIMOTO</similarity>
  <saveDataAsCSVs>true</saveDataAsCSVs>
  <morphSummaryOnly>true</morphSummaryOnly>
    <param>
	<substructureRestriction>false</substructureRestriction>
	<syntetizedFeasibility>true</syntetizedFeasibility>
	
	<activityMorphing>true</activityMorphing>
	<startMolMaxCount>10</startMolMaxCount>
	<farProduce>30</farProduce>
	<iterMax>10</iterMax>
	<maxTimeMinutes>660</maxTimeMinutes>
	<maxMOOPruns>1</maxMOOPruns>
	<nonProducingSurvive>2</nonProducingSurvive>
        <itersUntilDecay>3</itersUntilDecay>
	<maxMorhpsTotal>1000</maxMorhpsTotal>
	<etalonType>mean</etalonType>
	<!--this is turned off <maxAcceptableEtalonDistance>10000</maxAcceptableEtalonDistance> -->
    </param>
</iteration>
