
<!--
    Template can be loaded instead of snapsthot at any place.
    Molper distinguish between snp a template file and use
    proper loading function. The file must end on '-template.xml'
    if Molpher should interpreate file as a template.
    If file ends only on 'xml' Molpher try to load it as a regular
    xml-snapstho file wich will almost surely failed.

    When using templates Molpher write info about loaded into
    snapshost. For information about other snaphost deafult values
    please refer to commonst/iteration_snaphost.hpp.

    The <fingerprint> respectively <similarity> should use
    values from enums in common/fingerprintSelector.hpp
    respectively common/simCoefSelector.hpp
-->
<iteration>
  
  <inputActivityDataDir>../../FS/aid713_clust1/</inputActivityDataDir>
  <allActivesSMILES>../../FS/aid713_clust1/aid713_actives_cluster1.smi</allActivesSMILES>
  <activesDescriptors>../../FS/FeatSele/data/aid713_actives_all</activesDescriptors>
  <sourceMolsDescriptors>../../FS/aid713_clust1/aid713_sourcemols_cluster1.csv</sourceMolsDescriptors>
  <testActivesDescriptors>../../FS/aid713_clust1/aid713_testmols_cluster1.csv</testActivesDescriptors>
  <inactivesDescriptors>../../FS/aid713_clust1/aid713_decoys.csv</inactivesDescriptors>
  <descriptorWeights>../../FS/aid713_clust1/aid713_FS7_weights.csv</descriptorWeights>
  <etalon>../../FS/aid713_clust1/aid713_FS7_etalon.csv</etalon>
  <etalonIsScaled>true</etalonIsScaled>
    
  <padelBatchSize>500</padelBatchSize>
  
  <fingerprint>FP_MORGAN</fingerprint>
  <similarity>SC_TANIMOTO</similarity>
  <saveDataAsCSVs>true</saveDataAsCSVs>
  <morphSummaryOnly>true</morphSummaryOnly>
    <param>
	  <substructureRestriction>false</substructureRestriction>
	  <syntetizedFeasibility>true</syntetizedFeasibility>
	  
	  <activityMorphing>true</activityMorphing>
	  <startMolMaxCount>1000</startMolMaxCount>
	  <farProduce>20</farProduce>
	  <iterMax>100</iterMax>
	  <maxTimeMinutes>1200</maxTimeMinutes>
	  <maxMOOPruns>1</maxMOOPruns>
	  <nonProducingSurvive>4</nonProducingSurvive>
	  <itersUntilDecay>6</itersUntilDecay>
	  <maxMorhpsTotal>2000</maxMorhpsTotal>
	  <etalonType>mean</etalonType>
	  <!--this is turned off <maxAcceptableEtalonDistance>10000</maxAcceptableEtalonDistance> -->
    </param>
</iteration>
